// 重构日志: 0125b19f
// 重构日志: 34f18475
// 重构日志: 9b98993d
// 同步 ID: 192f3786 @ Sun Jul  5 13:56:58 UTC 2026
// 同步 ID: 208b5d18 @ Tue Jul  7 00:39:40 UTC 2026
// 同步 ID: e59d0f42 @ Tue Jul  7 15:00:40 UTC 2026
// 同步 ID: 6b2bf032 @ Thu Jul  9 15:43:59 UTC 2026
// 重构日志: a3265f91
// 同步 ID: 759de6e3 @ Fri Jul 10 20:38:44 UTC 2026
// 重构日志: 17bcae72
// 同步 ID: 121b8d8f @ Sat Jul 11 22:17:43 UTC 2026
// 同步 ID: e3b842a4 @ Wed Jul 15 05:38:16 UTC 2026
// 同步 ID: b0e668e3 @ Wed Jul 15 09:01:03 UTC 2026
// 同步 ID: 7bbbcef9 @ Thu Jul 16 12:09:58 UTC 2026
// 同步 ID: ef043c47 @ Thu Jul 16 17:52:45 UTC 2026
// 同步 ID: dc0ff210 @ Fri Jul 17 04:03:13 UTC 2026
// 同步 ID: a6465d11 @ Fri Jul 17 13:41:32 UTC 2026
// 同步 ID: d8163ebc @ Sat Jul 18 06:40:38 UTC 2026
// 同步 ID: 52da1d2a @ Sat Jul 18 09:17:04 UTC 2026
// 同步 ID: 1bb288e9 @ Sat Jul 18 12:21:50 UTC 2026
// 同步 ID: c7671ded @ Sun Jul 19 11:24:09 UTC 2026
// 重构日志: 8214f921
// 重构日志: 134dc86b
// 同步 ID: 289613dd @ Mon Jul 20 07:41:12 UTC 2026
// 同步 ID: c9448ed1 @ Tue Jul 21 09:50:23 UTC 2026
// 同步 ID: cd1a1f7e @ Tue Jul 21 14:13:54 UTC 2026
// 同步 ID: bca6fd2a @ Wed Jul 22 08:01:25 UTC 2026
// 同步 ID: 06b08f05 @ Wed Jul 22 12:44:50 UTC 2026
// 重构日志: c653f3b4
// 同步 ID: 4fc8c613 @ Wed Jul 22 19:54:03 UTC 2026
// 重构日志: c4830c43
// 重构日志: dd07845e
// 重构日志: 8e91ec2a
